生成启动时间为 2019/12/18 22:54:09。
     1>项目“C:\Users\98018\Documents\Visual Studio 2013\Projects\FDM\FDM\FDM.vcxproj”在节点 2 上(Build 个目标)。
     1>ClCompile:
         C:\Program Files (x86)\Microsoft Visual Studio 12.0\VC\bin\CL.exe /c /ZI /nologo /W3 /WX- /sdl /Od /Oy- /D WIN32 /D _WINDOWS /D _DEBUG /D _UNICODE /D UNICODE /D _AFXDLL /Gm /EHsc /RTC1 /MDd /GS /fp:precise /Zc:wchar_t /Zc:forScope /Yu"stdafx.h" /Fp"Debug\FDM.pch" /Fo"Debug\\" /Fd"Debug\vc120.pdb" /Gd /TP /analyze- /errorReport:prompt Dwxxb.cpp
         Dwxxb.cpp
       ResourceCompile:
         C:\Program Files (x86)\Windows Kits\8.1\bin\x86\rc.exe /D _DEBUG /D _UNICODE /D UNICODE /D _AFXDLL /l"0x0804" /IDebug\ /nologo /fo"Debug\FDM.res" FDM.rc 
       Link:
         C:\Program Files (x86)\Microsoft Visual Studio 12.0\VC\bin\link.exe /ERRORREPORT:PROMPT /OUT:"C:\Users\98018\Documents\Visual Studio 2013\Projects\FDM\Debug\FDM.exe" /INCREMENTAL /NOLOGO /MANIFEST /MANIFESTUAC:"level='asInvoker' uiAccess='false'" /manifest:embed /manifestinput:"C:\Program Files (x86)\Microsoft Visual Studio 12.0\VC\Include\Manifest\dpiaware.manifest" /DEBUG /PDB:"C:\Users\98018\Documents\Visual Studio 2013\Projects\FDM\Debug\FDM.pdb" /SUBSYSTEM:WINDOWS /TLBID:1 /ENTRY:"wWinMainCRTStartup" /DYNAMICBASE /NXCOMPAT /IMPLIB:"C:\Users\98018\Documents\Visual Studio 2013\Projects\FDM\Debug\FDM.lib" /MACHINE:X86 Debug\FDM.res
         Debug\ADOConn.obj
         Debug\ChildFrm.obj
         Debug\Dwxxb.obj
         Debug\FDM.obj
         Debug\FDMDlg.obj
         Debug\FDMDoc.obj
         Debug\FDMView.obj
         Debug\MainFrm.obj
         Debug\stdafx.obj
         FDM.vcxproj -> C:\Users\98018\Documents\Visual Studio 2013\Projects\FDM\Debug\FDM.exe
     1>已完成生成项目“C:\Users\98018\Documents\Visual Studio 2013\Projects\FDM\FDM\FDM.vcxproj”(Build 个目标)的操作。

生成成功。

已用时间 00:00:05.90
